Determining if the pthread_create exist failed with the following output:
Change Dir: /home/hadoop/Bjz_workplace/srsLTE-vscode/build/CMakeFiles/CMakeTmp

Run Build Command:"/usr/bin/make" "cmTC_88b73/fast"
/usr/bin/make -f CMakeFiles/cmTC_88b73.dir/build.make CMakeFiles/cmTC_88b73.dir/build
make[1]: Entering directory '/home/hadoop/Bjz_workplace/srsLTE-vscode/build/CMakeFiles/CMakeTmp'
Building C object CMakeFiles/cmTC_88b73.dir/CheckSymbolExists.c.o
/usr/bin/cc     -o CMakeFiles/cmTC_88b73.dir/CheckSymbolExists.c.o   -c /home/hadoop/Bjz_workplace/srsLTE-vscode/build/CMakeFiles/CMakeTmp/CheckSymbolExists.c
Linking C executable cmTC_88b73
/usr/bin/cmake -E cmake_link_script CMakeFiles/cmTC_88b73.dir/link.txt --verbose=1
/usr/bin/cc       CMakeFiles/cmTC_88b73.dir/CheckSymbolExists.c.o  -o cmTC_88b73 -rdynamic 
CMakeFiles/cmTC_88b73.dir/CheckSymbolExists.c.o：在函数‘main’中：
CheckSymbolExists.c:(.text+0x16)：对‘pthread_create’未定义的引用
collect2: error: ld returned 1 exit status
CMakeFiles/cmTC_88b73.dir/build.make:97: recipe for target 'cmTC_88b73' failed
make[1]: *** [cmTC_88b73] Error 1
make[1]: Leaving directory '/home/hadoop/Bjz_workplace/srsLTE-vscode/build/CMakeFiles/CMakeTmp'
Makefile:126: recipe for target 'cmTC_88b73/fast' failed
make: *** [cmTC_88b73/fast] Error 2

File /home/hadoop/Bjz_workplace/srsLTE-vscode/build/CMakeFiles/CMakeTmp/CheckSymbolExists.c:
/* */
#include <pthread.h>

int main(int argc, char** argv)
{
  (void)argv;
#ifndef pthread_create
  return ((int*)(&pthread_create))[argc];
#else
  (void)argc;
  return 0;
#endif
}

Determining if the function pthread_create exists in the pthreads failed with the following output:
Change Dir: /home/hadoop/Bjz_workplace/srsLTE-vscode/build/CMakeFiles/CMakeTmp

Run Build Command:"/usr/bin/make" "cmTC_07a7e/fast"
/usr/bin/make -f CMakeFiles/cmTC_07a7e.dir/build.make CMakeFiles/cmTC_07a7e.dir/build
make[1]: Entering directory '/home/hadoop/Bjz_workplace/srsLTE-vscode/build/CMakeFiles/CMakeTmp'
Building C object CMakeFiles/cmTC_07a7e.dir/CheckFunctionExists.c.o
/usr/bin/cc    -DCHECK_FUNCTION_EXISTS=pthread_create   -o CMakeFiles/cmTC_07a7e.dir/CheckFunctionExists.c.o   -c /usr/share/cmake-3.5/Modules/CheckFunctionExists.c
Linking C executable cmTC_07a7e
/usr/bin/cmake -E cmake_link_script CMakeFiles/cmTC_07a7e.dir/link.txt --verbose=1
/usr/bin/cc   -DCHECK_FUNCTION_EXISTS=pthread_create    CMakeFiles/cmTC_07a7e.dir/CheckFunctionExists.c.o  -o cmTC_07a7e -rdynamic -lpthreads 
/usr/bin/ld: 找不到 -lpthreads
collect2: error: ld returned 1 exit status
CMakeFiles/cmTC_07a7e.dir/build.make:97: recipe for target 'cmTC_07a7e' failed
make[1]: *** [cmTC_07a7e] Error 1
make[1]: Leaving directory '/home/hadoop/Bjz_workplace/srsLTE-vscode/build/CMakeFiles/CMakeTmp'
Makefile:126: recipe for target 'cmTC_07a7e/fast' failed
make: *** [cmTC_07a7e/fast] Error 2


Performing C++ SOURCE FILE Test UHD_ENABLE_X300_FW_RESET failed with the following output:
Change Dir: /home/hadoop/Bjz_workplace/srsLTE-vscode/build/CMakeFiles/CMakeTmp

Run Build Command:"/usr/bin/make" "cmTC_0ea26/fast"
/usr/bin/make -f CMakeFiles/cmTC_0ea26.dir/build.make CMakeFiles/cmTC_0ea26.dir/build
make[1]: Entering directory '/home/hadoop/Bjz_workplace/srsLTE-vscode/build/CMakeFiles/CMakeTmp'
Building CXX object CMakeFiles/cmTC_0ea26.dir/src.cxx.o
/usr/bin/c++    -I/usr/local/include  -DUHD_ENABLE_X300_FW_RESET  -L/usr/local/lib   -o CMakeFiles/cmTC_0ea26.dir/src.cxx.o -c /home/hadoop/Bjz_workplace/srsLTE-vscode/build/CMakeFiles/CMakeTmp/src.cxx
/home/hadoop/Bjz_workplace/srsLTE-vscode/build/CMakeFiles/CMakeTmp/src.cxx:5:10: error: ‘wb_iface’ in namespace ‘uhd’ does not name a type
     uhd::wb_iface::sptr x300_make_ctrl_iface_enet(uhd::transport::udp_simple::sptr udp, bool enable_errors);
          ^
/home/hadoop/Bjz_workplace/srsLTE-vscode/build/CMakeFiles/CMakeTmp/src.cxx: In function ‘uhd_error try_usrp_x300_reset()’:
/home/hadoop/Bjz_workplace/srsLTE-vscode/build/CMakeFiles/CMakeTmp/src.cxx:10:12: error: ‘uhd::wb_iface’ has not been declared
       uhd::wb_iface::sptr x300_ctrl = x300_make_ctrl_iface_enet(udp_simple, true);
            ^
/home/hadoop/Bjz_workplace/srsLTE-vscode/build/CMakeFiles/CMakeTmp/src.cxx:11:7: error: ‘x300_ctrl’ was not declared in this scope
       x300_ctrl->poke32(0x100058, 1);
       ^
CMakeFiles/cmTC_0ea26.dir/build.make:65: recipe for target 'CMakeFiles/cmTC_0ea26.dir/src.cxx.o' failed
make[1]: *** [CMakeFiles/cmTC_0ea26.dir/src.cxx.o] Error 1
make[1]: Leaving directory '/home/hadoop/Bjz_workplace/srsLTE-vscode/build/CMakeFiles/CMakeTmp'
Makefile:126: recipe for target 'cmTC_0ea26/fast' failed
make: *** [cmTC_0ea26/fast] Error 2

Source file was:
#include <uhd.h>
    #include <uhd/usrp/multi_usrp.hpp>
    #include <uhd/transport/udp_simple.hpp>

    uhd::wb_iface::sptr x300_make_ctrl_iface_enet(uhd::transport::udp_simple::sptr udp, bool enable_errors);

    uhd_error try_usrp_x300_reset()
    {
      uhd::transport::udp_simple::sptr udp_simple = uhd::transport::udp_simple::make_connected("", "49152");
      uhd::wb_iface::sptr x300_ctrl = x300_make_ctrl_iface_enet(udp_simple, true);
      x300_ctrl->poke32(0x100058, 1);
      return UHD_ERROR_NONE;
    }

    int main(int argc, char** argv)
    {
      try_usrp_x300_reset();
      return 0;
    }
Performing C++ SOURCE FILE Test UHD_ENABLE_RFNOC failed with the following output:
Change Dir: /home/hadoop/Bjz_workplace/srsLTE-vscode/build/CMakeFiles/CMakeTmp

Run Build Command:"/usr/bin/make" "cmTC_53c9a/fast"
/usr/bin/make -f CMakeFiles/cmTC_53c9a.dir/build.make CMakeFiles/cmTC_53c9a.dir/build
make[1]: Entering directory '/home/hadoop/Bjz_workplace/srsLTE-vscode/build/CMakeFiles/CMakeTmp'
Building CXX object CMakeFiles/cmTC_53c9a.dir/src.cxx.o
/usr/bin/c++    -I/usr/local/include  -DUHD_ENABLE_RFNOC  -L/usr/local/lib   -o CMakeFiles/cmTC_53c9a.dir/src.cxx.o -c /home/hadoop/Bjz_workplace/srsLTE-vscode/build/CMakeFiles/CMakeTmp/src.cxx
In file included from /home/hadoop/Bjz_workplace/srsLTE-vscode/build/CMakeFiles/CMakeTmp/src.cxx:2:0:
/usr/local/include/uhd/device3.hpp:22:31: fatal error: uhd/rfnoc/graph.hpp: 没有那个文件或目录
compilation terminated.
CMakeFiles/cmTC_53c9a.dir/build.make:65: recipe for target 'CMakeFiles/cmTC_53c9a.dir/src.cxx.o' failed
make[1]: *** [CMakeFiles/cmTC_53c9a.dir/src.cxx.o] Error 1
make[1]: Leaving directory '/home/hadoop/Bjz_workplace/srsLTE-vscode/build/CMakeFiles/CMakeTmp'
Makefile:126: recipe for target 'cmTC_53c9a/fast' failed
make: *** [cmTC_53c9a/fast] Error 2

Source file was:
#include <uhd.h>
    #include <uhd/device3.hpp>
    #include <uhd/rfnoc/ddc_block_ctrl.hpp>
    #include <uhd/rfnoc/radio_ctrl.hpp>

    static uhd::device3::sptr device3;
    static uhd::rfnoc::ddc_block_ctrl::sptr ddc_ctrl;
    static uhd::rfnoc::radio_ctrl::sptr radio_ctrl;

    uhd_error try_device3_ddc_ctrl()
    {
      ddc_ctrl = device3->get_block_ctrl<uhd::rfnoc::ddc_block_ctrl>(uhd::rfnoc::block_id_t("DDC_0"));
      return UHD_ERROR_NONE;
    }

    uhd_error try_device3_radio_ctrl()
    {
      radio_ctrl = device3->get_block_ctrl<uhd::rfnoc::radio_ctrl>(uhd::rfnoc::block_id_t("Radio_0"));
      return UHD_ERROR_NONE;
    }

    int main(int argc, char** argv)
    {
      try_device3_ddc_ctrl();
      try_device3_radio_ctrl();
      return 0;
    }
Performing C++ SOURCE FILE Test UHD_ENABLE_CUSTOM_RFNOC failed with the following output:
Change Dir: /home/hadoop/Bjz_workplace/srsLTE-vscode/build/CMakeFiles/CMakeTmp

Run Build Command:"/usr/bin/make" "cmTC_bac27/fast"
/usr/bin/make -f CMakeFiles/cmTC_bac27.dir/build.make CMakeFiles/cmTC_bac27.dir/build
make[1]: Entering directory '/home/hadoop/Bjz_workplace/srsLTE-vscode/build/CMakeFiles/CMakeTmp'
Building CXX object CMakeFiles/cmTC_bac27.dir/src.cxx.o
/usr/bin/c++    -I/usr/local/include  -DUHD_ENABLE_CUSTOM_RFNOC  -L/usr/local/lib   -o CMakeFiles/cmTC_bac27.dir/src.cxx.o -c /home/hadoop/Bjz_workplace/srsLTE-vscode/build/CMakeFiles/CMakeTmp/src.cxx
In file included from /home/hadoop/Bjz_workplace/srsLTE-vscode/build/CMakeFiles/CMakeTmp/src.cxx:2:0:
/usr/local/include/uhd/device3.hpp:22:31: fatal error: uhd/rfnoc/graph.hpp: 没有那个文件或目录
compilation terminated.
CMakeFiles/cmTC_bac27.dir/build.make:65: recipe for target 'CMakeFiles/cmTC_bac27.dir/src.cxx.o' failed
make[1]: *** [CMakeFiles/cmTC_bac27.dir/src.cxx.o] Error 1
make[1]: Leaving directory '/home/hadoop/Bjz_workplace/srsLTE-vscode/build/CMakeFiles/CMakeTmp'
Makefile:126: recipe for target 'cmTC_bac27/fast' failed
make: *** [cmTC_bac27/fast] Error 2

Source file was:
#include <uhd.h>
    #include <uhd/device3.hpp>
    #include <uhd/rfnoc/ddc_ch2_block_ctrl.hpp>

    static uhd::device3::sptr device3;
    static uhd::rfnoc::ddc_ch2_block_ctrl::sptr ddc_ctrl;

    uhd_error try_device3_ddc_ch2_ctrl()
    {
      ddc_ctrl = device3->get_block_ctrl<uhd::rfnoc::ddc_ch2_block_ctrl>(uhd::rfnoc::block_id_t("DDCch2_0"));
      return UHD_ERROR_NONE;
    }

    int main(int argc, char** argv)
    {
      try_device3_ddc_ch2_ctrl();
      return 0;
    }
Performing C SOURCE FILE Test HAVE_AVX512 failed with the following output:
Change Dir: /home/hadoop/Bjz_workplace/srsLTE-vscode/build/CMakeFiles/CMakeTmp

Run Build Command:"/usr/bin/make" "cmTC_54f77/fast"
/usr/bin/make -f CMakeFiles/cmTC_54f77.dir/build.make CMakeFiles/cmTC_54f77.dir/build
make[1]: Entering directory '/home/hadoop/Bjz_workplace/srsLTE-vscode/build/CMakeFiles/CMakeTmp'
Building C object CMakeFiles/cmTC_54f77.dir/src.c.o
/usr/bin/cc    -Wno-unused-but-set-variable -DHAVE_AVX512 -mavx512f -mavx512cd -mavx512bw -mavx512dq -DLV_HAVE_AVX512   -o CMakeFiles/cmTC_54f77.dir/src.c.o   -c /home/hadoop/Bjz_workplace/srsLTE-vscode/build/CMakeFiles/CMakeTmp/src.c
Linking C executable cmTC_54f77
/usr/bin/cmake -E cmake_link_script CMakeFiles/cmTC_54f77.dir/link.txt --verbose=1
/usr/bin/cc   -Wno-unused-but-set-variable -DHAVE_AVX512 -mavx512f -mavx512cd -mavx512bw -mavx512dq -DLV_HAVE_AVX512    CMakeFiles/cmTC_54f77.dir/src.c.o  -o cmTC_54f77 -rdynamic 
make[1]: Leaving directory '/home/hadoop/Bjz_workplace/srsLTE-vscode/build/CMakeFiles/CMakeTmp'

Return value: FAILED_TO_RUN
Source file was:

          #include <immintrin.h>
          int main()
          {
            __m512i a, b, c;
            const int src[16] = { 0x0, 0x1, 0x2, 0x3, 0x4, 0x5, 0x6, 0x7, 0x8 , 0x9, 0xA, 0xB, 0xC, 0xD, 0xE, 0xF};
            int dst[16];
            a =  _mm512_loadu_si512( (__m512i*)src );
            b =  _mm512_loadu_si512( (__m512i*)src );
            c = _mm512_add_epi32( a, b );
            _mm512_storeu_si512( (__m512i*)dst, c );
            int i = 0;
            for( i = 0; i < 16; i++ ){
              if( ( src[i] + src[i] ) != dst[i] ){
                return -1;
              }
            }
            return 0;
          }
